Environment variables:
  - =C:=C:\Projects\OperatorsApp
  - ALLUSERSPROFILE=C:\ProgramData
  - APPDATA=C:\Users\david\AppData\Roaming
  - COMPUTERNAME=APPA20
  - ComSpec=C:\WINDOWS\system32\cmd.exe
  - CommonProgramFiles=C:\Program Files\Common Files
  - CommonProgramFiles(x86)=C:\Program Files (x86)\Common Files
  - CommonProgramW6432=C:\Program Files\Common Files
  - ERROR_CODE=0
  - ESET_OPTIONS=                                                                                                                                                                                                                                                                                                                                                                                                                                                                                                                               
  - FP_NO_HOST_CHECK=NO
  - GDAL_DATA=C:\OSGeo4W\share\gdal
  - HOMEDRIVE=H:
  - HOMEPATH=\
  - HOMESHARE=\\dc-ravtech1\homes$\david
  - JAVA_EXEC="C:\Projects\OperatorsApp\sonar-scanner\bin\..\jre\bin\java.exe"
  - JAVA_HOME=C:\Projects\OperatorsApp\sonar-scanner\bin\..\jre
  - LOCALAPPDATA=C:\Users\david\AppData\Local
  - LOGONSERVER=\\DC-RAVTECH1
  - NUMBER_OF_PROCESSORS=4
  - OS=Windows_NT
  - OneDrive=C:\Users\david\OneDrive
  - PATHEXT=.COM;.EXE;.BAT;.CMD;.VBS;.VBE;.JS;.JSE;.WSF;.WSH;.MSC
  - PROCESSOR_ARCHITECTURE=AMD64
  - PROCESSOR_IDENTIFIER=Intel64 Family 6 Model 58 Stepping 9, GenuineIntel
  - PROCESSOR_LEVEL=6
  - PROCESSOR_REVISION=3a09
  - PROJECT_HOME=C:\Projects\OperatorsApp
  - PROJ_LIB=%PROJ_LIB%
  - PROMPT=$P$G
  - PSModulePath=C:\WINDOWS\system32\WindowsPowerShell\v1.0\Modules\
  - PUBLIC=C:\Users\Public
  - Path=C:\Program Files\Docker\Docker\Resources\bin;C:\ProgramData\Oracle\Java\javapath;C:\WINDOWS\system32;C:\WINDOWS;C:\WINDOWS\System32\Wbem;C:\WINDOWS\System32\WindowsPowerShell\v1.0\;C:\Program Files\TortoiseGit\bin;C:\Ampps\php;C:\Ampps\mysql\bin;C:\Program Files\Git\bin;C:\Android;C:\Windows\System32;C:\Program Files (x86)\ComposerSetup\bin;C:\Users\david\AppData\Local\Programs\Python\Python36-32\Scripts;C:\Program Files (x86)\Windows Kits\8.1\Windows Performance Toolkit\;C:\msys64\usr\bin;C:\Users\davidv\AppData\Local\Microsoft\WindowsApps;C:\Program Files\nodejs\;C:\Program Files (x86)\Google\Chrome\Application;C:\Users\david\AppData\Local\Programs\Python\Python36-32;C:\Users\david\AppData\Local\Microsoft\WindowsApps;C:\Users\david\AppData\Local\Android\Sdk\tools;C:\Users\david\AppData\Local\Android\Sdk\platform-tools;C:\Users\david\AppData\Local\ComposerSetup\bin;C:\Users\david\AppData\Roaming\Composer\vendor\bin;C:\Users\david\AppData\Local\Programs\Python\Python36-32\Tools\scripts;C:\Program Files\Microsoft VS Code\bin;C:\Users\david\AppData\Roaming\npm;C:\Projects\OperatorsApp\sonar-scanner\bin;C:\Program Files\Java\jdk1.8.0_101\bin;C:\Program Files\Java\jdk1.8.0_101
  - ProgramData=C:\ProgramData
  - ProgramFiles=C:\Program Files
  - ProgramFiles(x86)=C:\Program Files (x86)
  - ProgramW6432=C:\Program Files
  - SONAR_SCANNER_HOME=C:\Projects\OperatorsApp\sonar-scanner\bin\..
  - SystemDrive=C:
  - SystemRoot=C:\WINDOWS
  - TEMP=C:\Users\david\AppData\Local\Temp
  - TMP=C:\Users\david\AppData\Local\Temp
  - USERDNSDOMAIN=RAVTECH.LOCAL
  - USERDOMAIN=RAVTECH
  - USERDOMAIN_ROAMINGPROFILE=RAVTECH
  - USERNAME=david
  - USERPROFILE=C:\Users\david
  - VS140COMNTOOLS=C:\Program Files (x86)\Microsoft Visual Studio 14.0\Common7\Tools\
  - scriptdir=C:\Projects\OperatorsApp\sonar-scanner\bin
  - use_embedded_jre=true
  - windir=C:\WINDOWS
System properties:
  - awt.toolkit=sun.awt.windows.WToolkit
  - file.encoding=Cp1252
  - file.encoding.pkg=sun.io
  - file.separator=\
  - java.awt.graphicsenv=sun.awt.Win32GraphicsEnvironment
  - java.awt.headless=true
  - java.awt.printerjob=sun.awt.windows.WPrinterJob
  - java.class.path=C:\Projects\OperatorsApp\sonar-scanner\bin\..\lib\sonar-scanner-cli-3.0.3.778.jar
  - java.class.version=52.0
  - java.endorsed.dirs=C:\Projects\OperatorsApp\sonar-scanner\jre\lib\endorsed
  - java.ext.dirs=C:\Projects\OperatorsApp\sonar-scanner\jre\lib\ext;C:\WINDOWS\Sun\Java\lib\ext
  - java.home=C:\Projects\OperatorsApp\sonar-scanner\jre
  - java.io.tmpdir=C:\Users\david\AppData\Local\Temp\
  - java.library.path=C:\Projects\OperatorsApp\sonar-scanner\jre\bin;C:\WINDOWS\Sun\Java\bin;C:\WINDOWS\system32;C:\WINDOWS;C:\Program Files\Docker\Docker\Resources\bin;C:\ProgramData\Oracle\Java\javapath;C:\WINDOWS\system32;C:\WINDOWS;C:\WINDOWS\System32\Wbem;C:\WINDOWS\System32\WindowsPowerShell\v1.0\;C:\Program Files\TortoiseGit\bin;C:\Ampps\php;C:\Ampps\mysql\bin;C:\Program Files\Git\bin;C:\Android;C:\Windows\System32;C:\Program Files (x86)\ComposerSetup\bin;C:\Users\david\AppData\Local\Programs\Python\Python36-32\Scripts;C:\Program Files (x86)\Windows Kits\8.1\Windows Performance Toolkit\;C:\msys64\usr\bin;C:\Users\davidv\AppData\Local\Microsoft\WindowsApps;C:\Program Files\nodejs\;C:\Program Files (x86)\Google\Chrome\Application;C:\Users\david\AppData\Local\Programs\Python\Python36-32;C:\Users\david\AppData\Local\Microsoft\WindowsApps;C:\Users\david\AppData\Local\Android\Sdk\tools;C:\Users\david\AppData\Local\Android\Sdk\platform-tools;C:\Users\david\AppData\Local\ComposerSetup\bin;C:\Users\david\AppData\Roaming\Composer\vendor\bin;C:\Users\david\AppData\Local\Programs\Python\Python36-32\Tools\scripts;C:\Program Files\Microsoft VS Code\bin;C:\Users\david\AppData\Roaming\npm;C:\Projects\OperatorsApp\sonar-scanner\bin;C:\Program Files\Java\jdk1.8.0_101\bin;C:\Program Files\Java\jdk1.8.0_101;.
  - java.runtime.name=Java(TM) SE Runtime Environment
  - java.runtime.version=1.8.0_121-b13
  - java.specification.name=Java Platform API Specification
  - java.specification.vendor=Oracle Corporation
  - java.specification.version=1.8
  - java.vendor=Oracle Corporation
  - java.vendor.url=http://java.oracle.com/
  - java.vendor.url.bug=http://bugreport.sun.com/bugreport/
  - java.version=1.8.0_121
  - java.vm.info=mixed mode
  - java.vm.name=Java HotSpot(TM) 64-Bit Server VM
  - java.vm.specification.name=Java Virtual Machine Specification
  - java.vm.specification.vendor=Oracle Corporation
  - java.vm.specification.version=1.8
  - java.vm.vendor=Oracle Corporation
  - java.vm.version=25.121-b13
  - line.separator=

  - os.arch=amd64
  - os.name=Windows 10
  - os.version=10.0
  - path.separator=;
  - project.home=C:\Projects\OperatorsApp
  - scanner.home=C:\Projects\OperatorsApp\sonar-scanner\bin\..
  - sun.arch.data.model=64
  - sun.boot.class.path=C:\Projects\OperatorsApp\sonar-scanner\jre\lib\resources.jar;C:\Projects\OperatorsApp\sonar-scanner\jre\lib\rt.jar;C:\Projects\OperatorsApp\sonar-scanner\jre\lib\sunrsasign.jar;C:\Projects\OperatorsApp\sonar-scanner\jre\lib\jsse.jar;C:\Projects\OperatorsApp\sonar-scanner\jre\lib\jce.jar;C:\Projects\OperatorsApp\sonar-scanner\jre\lib\charsets.jar;C:\Projects\OperatorsApp\sonar-scanner\jre\lib\jfr.jar;C:\Projects\OperatorsApp\sonar-scanner\jre\classes
  - sun.boot.library.path=C:\Projects\OperatorsApp\sonar-scanner\jre\bin
  - sun.cpu.endian=little
  - sun.cpu.isalist=amd64
  - sun.desktop=windows
  - sun.io.unicode.encoding=UnicodeLittle
  - sun.java.command=org.sonarsource.scanner.cli.Main -X
  - sun.java.launcher=SUN_STANDARD
  - sun.jnu.encoding=Cp1252
  - sun.management.compiler=HotSpot 64-Bit Tiered Compilers
  - sun.os.patch.level=
  - sun.stderr.encoding=cp437
  - sun.stdout.encoding=cp437
  - user.country=US
  - user.country.format=IL
  - user.dir=C:\Projects\OperatorsApp
  - user.home=C:\Users\david
  - user.language=en
  - user.language.format=he
  - user.name=david
  - user.script=
  - user.timezone=Asia/Jerusalem
  - user.variant=
SonarQube plugins:
  - SonarC# 6.5.0.3766 (csharp)
  - SonarPython 1.8.0.1496 (python)
  - SonarJava 4.15.0.12310 (java)
  - Flex 2.3 (flex)
  - SonarQube :: Plugins :: SCM :: Git 1.3.0.869 (scmgit)
  - SonarXML 1.4.3.1027 (xml)
  - SonarPHP 2.11.0.2485 (php)
  - GitLab 2.1.0 (gitlab)
  - SonarTS 1.1.0.1079 (typescript)
  - SonarQube :: Plugins :: SCM :: SVN 1.6.0.860 (scmsvn)
  - SonarJS 3.2.0.5506 (javascript)
Global properties:
  - sonar.core.id=AV_WA7kgPsPkGpxObOAE
  - sonar.core.startTime=2017-11-21T13:45:34+0000
  - sonar.gitlab.user_token=NUkyU1Ef_raAcxFzG3Nj
Settings for module: operatorsApp
  - sonar.host.url=http://139.59.147.194:9000
  - sonar.language=java
  - sonar.projectBaseDir=C:\Projects\OperatorsApp
  - sonar.projectKey=operatorsApp
  - sonar.projectName=operatorsApp
  - sonar.projectVersion=1.0
  - sonar.sourceEncoding=UTF-8
  - sonar.sources=.
  - sonar.verbose=true
  - sonar.working.directory=C:\Projects\OperatorsApp\.scannerwork
